<?xml version="1.0" encoding="UTF-8"?>
<!-- Generated by org.testng.reporters.JUnitReportReporter -->
<testsuite hostname="Sridharan" failures="0" tests="5" name="org.works.Annotations" time="10.590" errors="0" timestamp="2023-01-15T16:34:29 IST" skipped="0">
  <testcase classname="org.works.Annotations" name="page1" time="2.130"/>
  <system-out/>
  <testcase classname="org.works.Annotations" name="page2" time="3.249"/>
  <system-out/>
  <testcase classname="org.works.Annotations" name="page3" time="1.272"/>
  <system-out/>
  <testcase classname="org.works.Annotations" name="page4" time="1.764"/>
  <system-out/>
  <testcase classname="org.works.Annotations" name="page5" time="2.175"/>
  <system-out/>
</testsuite> <!-- org.works.Annotations -->
